<?xml version="1.0" encoding="UTF-8"?>
<!-- Generated by org.testng.reporters.JUnitReportReporter -->
<testsuite hostname="DESKTOP-BNPA4IR" failures="0" tests="2" name="com.testcases.LaunchURL" time="7.054" errors="0" timestamp="2023-05-31T20:05:24 IST" skipped="0">
  <testcase classname="com.testcases.LaunchURL" name="launchURL" time="0.000"/>
  <system-out/>
  <testcase classname="com.testcases.LaunchURL" name="clickOnCustomer" time="7.054"/>
  <system-out/>
</testsuite> <!-- com.testcases.LaunchURL -->
