<?xml version="1.0" encoding="UTF-8"?>
<!-- Generated by org.testng.reporters.JUnitReportReporter -->
<testsuite hostname="DESKTOP-BNPA4IR" failures="0" tests="8" name="com.testcases.BankManagerModule" time="11.502" errors="0" timestamp="2023-05-31T17:08:43 IST" skipped="0">
  <testcase classname="com.testcases.BankManagerModule" name="customerModule" time="0.011"/>
  <system-out/>
  <testcase classname="com.testcases.BankManagerModule" name="clickOnBMLogin" time="5.107"/>
  <system-out/>
  <testcase classname="com.testcases.BankManagerModule" name="clickOnAddCustomer" time="1.274"/>
  <system-out/>
  <testcase classname="com.testcases.BankManagerModule" name="enterTheDetails" time="0.397"/>
  <system-out/>
  <testcase classname="com.testcases.BankManagerModule" name="clickOnSubmitDetails" time="0.296"/>
  <system-out/>
  <testcase classname="com.testcases.BankManagerModule" name="clickonOpenAccountab" time="2.364"/>
  <system-out/>
  <testcase classname="com.testcases.BankManagerModule" name="clickOnOpenAccount" time="0.735"/>
  <system-out/>
  <testcase classname="com.testcases.BankManagerModule" name="clickOnCustomersList" time="1.318"/>
  <system-out/>
</testsuite> <!-- com.testcases.BankManagerModule -->
